<?xml version="1.0" encoding="UTF-8"?>
<!-- Generated by org.testng.reporters.JUnitReportReporter -->
<testsuite skipped="0" hostname="mashaikh-C02DQF43MD6N.local" name="Pavan_PageObjectModel_TestCases.TC_LoginTestDDT_002" tests="3" failures="0" timestamp="2022-09-26T11:24:48 IST" time="26.963" errors="0">
  <testcase name="loginDDT" time="4.233" classname="Pavan_PageObjectModel_TestCases.TC_LoginTestDDT_002"/>
  <system-out/>
  <testcase name="loginDDT" time="18.351" classname="Pavan_PageObjectModel_TestCases.TC_LoginTestDDT_002"/>
  <system-out/>
  <testcase name="loginDDT" time="4.379" classname="Pavan_PageObjectModel_TestCases.TC_LoginTestDDT_002"/>
  <system-out/>
</testsuite> <!-- Pavan_PageObjectModel_TestCases.TC_LoginTestDDT_002 -->
