<?xml version="1.0" encoding="UTF-8"?>
<!-- Generated by org.testng.reporters.JUnitReportReporter -->
<testsuite skipped="0" hostname="mashaikh-C02DQF43MD6N.local" name="Pavan_PageObjectModel_TestCases.TC_LoginTest_001_Test" tests="1" failures="0" timestamp="2022-09-29T14:54:02 IST" time="12.738" errors="0">
  <testcase name="loginTest" time="12.738" classname="Pavan_PageObjectModel_TestCases.TC_LoginTest_001_Test"/>
  <system-out/>
</testsuite> <!-- Pavan_PageObjectModel_TestCases.TC_LoginTest_001_Test -->
